[25.04.2019 13:33:26,416] [main] INFO  org.jgap.gp.impl.GPGenotype  - Creating initial population
[25.04.2019 13:33:26,427] [main] INFO  org.jgap.gp.impl.GPGenotype  - Mem free: 234.0 MB
[25.04.2019 13:33:26,441] [main] INFO  org.jgap.gp.impl.GPPopulation  - Prototype program set
[25.04.2019 13:33:26,514] [main] INFO  org.jgap.gp.impl.GPGenotype  - Mem free after creating population: 234.0 MB
[25.04.2019 13:33:26,518] [main] INFO  org.jgap.gp.impl.GPGenotype  - Your configuration does not contain unused commands, this is good
[25.04.2019 13:33:26,520] [main] INFO  org.jgap.gp.impl.GPGenotype  - Evolving generation 0, memory free: 229.7 MB
[25.04.2019 13:33:26,911] [main] INFO  org.jgap.gp.impl.GPGenotype  - Best solution fitness: 0.08
[25.04.2019 13:33:26,913] [main] INFO  org.jgap.gp.impl.GPGenotype  - Best solution: ((Uniformity of Cell Shape * Bland Chromatin) * (7.0 * 4.0)) - ((Normal Nucleoli * Marginal Adhesion) * (Bare Nuclei ^ Uniformity of Cell Size))
[25.04.2019 13:33:26,913] [main] INFO  org.jgap.gp.impl.GPGenotype  - Depth of chrom: 3
[25.04.2019 13:33:27,078] [main] INFO  org.jgap.gp.impl.GPGenotype  - Best solution fitness: 0.06
[25.04.2019 13:33:27,079] [main] INFO  org.jgap.gp.impl.GPGenotype  - Best solution: ((Normal Nucleoli - Clump Thickness) - (Normal Nucleoli - 6.0)) - ((Bare Nuclei - Single Epithelial Cell Size) ^ (Uniformity of Cell Shape ^ 6.0))
[25.04.2019 13:33:27,080] [main] INFO  org.jgap.gp.impl.GPGenotype  - Depth of chrom: 3
[25.04.2019 13:33:27,249] [main] INFO  org.jgap.gp.impl.GPGenotype  - Best solution fitness: 0.06
[25.04.2019 13:33:27,250] [main] INFO  org.jgap.gp.impl.GPGenotype  - Best solution: (Marginal Adhesion + Bare Nuclei) * (((Normal Nucleoli - Clump Thickness) - (Normal Nucleoli - 6.0)) - ((Bare Nuclei - Single Epithelial Cell Size) ^ (Uniformity of Cell Shape ^ 6.0)))
[25.04.2019 13:33:27,250] [main] INFO  org.jgap.gp.impl.GPGenotype  - Depth of chrom: 4
[25.04.2019 13:33:27,569] [main] INFO  org.jgap.gp.impl.GPGenotype  - Best solution fitness: 0.05
[25.04.2019 13:33:27,570] [main] INFO  org.jgap.gp.impl.GPGenotype  - Best solution: (5.0 ^ Single Epithelial Cell Size) * (((8.0 - Uniformity of Cell Size) - Uniformity of Cell Shape) - Normal Nucleoli)
[25.04.2019 13:33:27,570] [main] INFO  org.jgap.gp.impl.GPGenotype  - Depth of chrom: 4
[25.04.2019 13:33:27,750] [main] INFO  org.jgap.gp.impl.GPGenotype  - Best solution fitness: 0.04
[25.04.2019 13:33:27,751] [main] INFO  org.jgap.gp.impl.GPGenotype  - Best solution: ((Normal Nucleoli - Clump Thickness) - (Normal Nucleoli - 8.0)) - (Uniformity of Cell Size ^ Bare Nuclei)
[25.04.2019 13:33:27,751] [main] INFO  org.jgap.gp.impl.GPGenotype  - Depth of chrom: 3
[25.04.2019 13:33:28,751] [main] INFO  org.jgap.gp.impl.GPGenotype  - Best solution fitness: 0.04
[25.04.2019 13:33:28,752] [main] INFO  org.jgap.gp.impl.GPGenotype  - Best solution: (((Normal Nucleoli - Clump Thickness) - (Normal Nucleoli - 8.0)) - (Uniformity of Cell Size ^ Bare Nuclei)) - (Bland Chromatin - 6.0)
[25.04.2019 13:33:28,752] [main] INFO  org.jgap.gp.impl.GPGenotype  - Depth of chrom: 4
[25.04.2019 13:33:30,361] [main] INFO  org.jgap.gp.impl.GPGenotype  - Best solution fitness: 0.03
[25.04.2019 13:33:30,362] [main] INFO  org.jgap.gp.impl.GPGenotype  - Best solution: ((5.0 - Clump Thickness) + (6.0 - (Clump Thickness + Bare Nuclei))) + (4.0 - Uniformity of Cell Size)
[25.04.2019 13:33:30,362] [main] INFO  org.jgap.gp.impl.GPGenotype  - Depth of chrom: 4
[25.04.2019 13:33:30,683] [main] INFO  org.jgap.gp.impl.GPGenotype  - Evolving generation 25, memory free: 272.5 MB
[25.04.2019 13:33:34,665] [main] INFO  org.jgap.gp.impl.GPGenotype  - Evolving generation 50, memory free: 195.0 MB
[25.04.2019 13:33:37,304] [main] INFO  org.jgap.gp.impl.GPGenotype  - Best solution fitness: 0.03
[25.04.2019 13:33:37,305] [main] INFO  org.jgap.gp.impl.GPGenotype  - Best solution: (6.0 - (Uniformity of Cell Size + ((Normal Nucleoli * Uniformity of Cell Shape) - 7.0))) + (6.0 - (Clump Thickness + Bare Nuclei))
[25.04.2019 13:33:37,305] [main] INFO  org.jgap.gp.impl.GPGenotype  - Depth of chrom: 5
[25.04.2019 13:33:38,782] [main] INFO  org.jgap.gp.impl.GPGenotype  - Evolving generation 75, memory free: 162.2 MB
[25.04.2019 13:33:42,415] [main] INFO  org.jgap.gp.impl.GPGenotype  - Evolving generation 100, memory free: 165.8 MB
[25.04.2019 13:33:46,279] [main] INFO  org.jgap.gp.impl.GPGenotype  - Evolving generation 125, memory free: 216.1 MB
[25.04.2019 13:33:48,292] [main] INFO  org.jgap.gp.impl.GPGenotype  - Best solution fitness: 0.02
[25.04.2019 13:33:48,293] [main] INFO  org.jgap.gp.impl.GPGenotype  - Best solution: (5.0 - ((((Clump Thickness + Bare Nuclei) - 6.0) * Uniformity of Cell Shape) - (5.0 - Single Epithelial Cell Size))) - Uniformity of Cell Size
[25.04.2019 13:33:48,293] [main] INFO  org.jgap.gp.impl.GPGenotype  - Depth of chrom: 6
[25.04.2019 13:33:49,839] [main] INFO  org.jgap.gp.impl.GPGenotype  - Evolving generation 150, memory free: 168.4 MB
[25.04.2019 13:33:50,909] [main] INFO  org.jgap.gp.impl.GPGenotype  - Best solution fitness: 0.02
[25.04.2019 13:33:50,910] [main] INFO  org.jgap.gp.impl.GPGenotype  - Best solution: 5.0 - (Uniformity of Cell Size + ((((Clump Thickness + Bare Nuclei) - 5.0) * Uniformity of Cell Shape) - 5.0))
[25.04.2019 13:33:50,910] [main] INFO  org.jgap.gp.impl.GPGenotype  - Depth of chrom: 6
[25.04.2019 13:33:52,993] [main] INFO  org.jgap.gp.impl.GPGenotype  - Evolving generation 175, memory free: 246.6 MB
[25.04.2019 13:33:56,088] [main] INFO  org.jgap.gp.impl.GPGenotype  - Best solution fitness: 0.02
[25.04.2019 13:33:56,089] [main] INFO  org.jgap.gp.impl.GPGenotype  - Best solution: 5.0 - (Uniformity of Cell Size + ((((Clump Thickness + Bare Nuclei) - 5.0) * Uniformity of Cell Shape) - 5.0))
[25.04.2019 13:33:56,091] [main] INFO  org.jgap.gp.impl.GPGenotype  - Depth of chrom: 6
